<?xml version="1.0" encoding="UTF-8"?>
<testng-results ignored="0" total="2" passed="2" failed="0" skipped="0">
  <reporter-output>
  </reporter-output>
  <suite started-at="2024-11-04T21:07:03 IST" name="Suite" finished-at="2024-11-04T21:07:32 IST" duration-ms="28498">
    <groups>
    </groups>
    <test started-at="2024-11-04T21:07:03 IST" name="Test" finished-at="2024-11-04T21:07:32 IST" duration-ms="28498">
      <class name="qa.tests.Testcase1">
        <test-method is-config="true" signature="beforeTestMethod()[pri:0, instance:qa.tests.Testcase1@6771beb3]" started-at="2024-11-04T21:07:03 IST" name="beforeTestMethod" finished-at="2024-11-04T21:07:03 IST" duration-ms="281" status="PASS">
          <reporter-output>
          </reporter-output>
        </test-method> <!-- beforeTestMethod -->
        <test-method is-config="true" signature="beforeMethodMethod(java.lang.String,java.lang.reflect.Method)[pri:0, instance:qa.tests.Testcase1@6771beb3]" started-at="2024-11-04T21:07:03 IST" name="beforeMethodMethod" finished-at="2024-11-04T21:07:16 IST" duration-ms="12236" status="PASS">
          <params>
            <param index="0">
              <value>
                <![CDATA[chrome]]>
              </value>
            </param>
            <param index="1">
              <value>
                <![CDATA[public void qa.tests.Testcase1.aboutTextBox()]]>
              </value>
            </param>
          </params>
          <reporter-output>
          </reporter-output>
        </test-method> <!-- beforeMethodMethod -->
        <test-method signature="aboutTextBox()[pri:0, instance:qa.tests.Testcase1@6771beb3]" started-at="2024-11-04T21:07:16 IST" name="aboutTextBox" finished-at="2024-11-04T21:07:18 IST" duration-ms="2698" status="PASS">
          <reporter-output>
          </reporter-output>
        </test-method> <!-- aboutTextBox -->
        <test-method is-config="true" signature="afterMethod(org.testng.ITestResult)[pri:0, instance:qa.tests.Testcase1@6771beb3]" started-at="2024-11-04T21:07:18 IST" name="afterMethod" finished-at="2024-11-04T21:07:19 IST" duration-ms="270" status="PASS">
          <params>
            <param index="0">
              <value>
                <![CDATA[[TestResult name=aboutTextBox status=SUCCESS method=Testcase1.aboutTextBox()[pri:0, instance:qa.tests.Testcase1@6771beb3] output={null}]]]>
              </value>
            </param>
          </params>
          <reporter-output>
          </reporter-output>
        </test-method> <!-- afterMethod -->
        <test-method is-config="true" signature="beforeMethodMethod(java.lang.String,java.lang.reflect.Method)[pri:0, instance:qa.tests.Testcase1@6771beb3]" started-at="2024-11-04T21:07:19 IST" name="beforeMethodMethod" finished-at="2024-11-04T21:07:27 IST" duration-ms="8440" status="PASS">
          <params>
            <param index="0">
              <value>
                <![CDATA[chrome]]>
              </value>
            </param>
            <param index="1">
              <value>
                <![CDATA[public void qa.tests.Testcase1.sampleMethodForEnteringCrrdentialsd()]]>
              </value>
            </param>
          </params>
          <reporter-output>
          </reporter-output>
        </test-method> <!-- beforeMethodMethod -->
        <test-method signature="sampleMethodForEnteringCrrdentialsd()[pri:0, instance:qa.tests.Testcase1@6771beb3]" started-at="2024-11-04T21:07:27 IST" name="sampleMethodForEnteringCrrdentialsd" finished-at="2024-11-04T21:07:31 IST" duration-ms="4200" status="PASS">
          <reporter-output>
          </reporter-output>
        </test-method> <!-- sampleMethodForEnteringCrrdentialsd -->
        <test-method is-config="true" signature="afterMethod(org.testng.ITestResult)[pri:0, instance:qa.tests.Testcase1@6771beb3]" started-at="2024-11-04T21:07:31 IST" name="afterMethod" finished-at="2024-11-04T21:07:31 IST" duration-ms="0" status="PASS">
          <params>
            <param index="0">
              <value>
                <![CDATA[[TestResult name=sampleMethodForEnteringCrrdentialsd status=SUCCESS method=Testcase1.sampleMethodForEnteringCrrdentialsd()[pri:0, instance:qa.tests.Testcase1@6771beb3] output={null}]]]>
              </value>
            </param>
          </params>
          <reporter-output>
          </reporter-output>
        </test-method> <!-- afterMethod -->
        <test-method is-config="true" signature="afterTest()[pri:0, instance:qa.tests.Testcase1@6771beb3]" started-at="2024-11-04T21:07:31 IST" name="afterTest" finished-at="2024-11-04T21:07:32 IST" duration-ms="343" status="PASS">
          <reporter-output>
          </reporter-output>
        </test-method> <!-- afterTest -->
      </class> <!-- qa.tests.Testcase1 -->
    </test> <!-- Test -->
  </suite> <!-- Suite -->
</testng-results>
