<?xml version="1.0" encoding="UTF-8"?>
<testng-results ignored="0" total="1" passed="1" failed="0" skipped="0">
  <reporter-output>
  </reporter-output>
  <suite started-at="2024-11-04T23:07:51 IST" name="Default suite" finished-at="2024-11-04T23:08:32 IST" duration-ms="40871">
    <groups>
    </groups>
    <test started-at="2024-11-04T23:07:51 IST" name="Default test" finished-at="2024-11-04T23:08:32 IST" duration-ms="40871">
      <class name="StudentFormTests">
        <test-method is-config="true" signature="setUp()[pri:0, instance:StudentFormTests@3fc2959f]" started-at="2024-11-04T23:07:51 IST" name="setUp" finished-at="2024-11-04T23:08:31 IST" duration-ms="39959" status="PASS">
          <reporter-output>
          </reporter-output>
        </test-method> <!-- setUp -->
        <test-method signature="submit_requiredValues_RegistersStudent()[pri:0, instance:StudentFormTests@3fc2959f]" started-at="2024-11-04T23:08:31 IST" name="submit_requiredValues_RegistersStudent" finished-at="2024-11-04T23:08:32 IST" duration-ms="619" status="PASS">
          <reporter-output>
          </reporter-output>
        </test-method> <!-- submit_requiredValues_RegistersStudent -->
        <test-method is-config="true" signature="tearDown()[pri:0, instance:StudentFormTests@3fc2959f]" started-at="2024-11-04T23:08:32 IST" name="tearDown" finished-at="2024-11-04T23:08:32 IST" duration-ms="239" status="PASS">
          <reporter-output>
          </reporter-output>
        </test-method> <!-- tearDown -->
      </class> <!-- StudentFormTests -->
    </test> <!-- Default test -->
  </suite> <!-- Default suite -->
</testng-results>
